<?xml version="1.0" encoding="UTF-8"?>
<testng-results ignored="0" total="1" passed="1" failed="0" skipped="0">
  <reporter-output>
  </reporter-output>
  <suite started-at="2023-07-06T21:58:32 IST" name="Default suite" finished-at="2023-07-06T22:00:51 IST" duration-ms="138711">
    <groups>
    </groups>
    <test started-at="2023-07-06T21:58:32 IST" name="Default test" finished-at="2023-07-06T22:00:51 IST" duration-ms="138711">
      <class name="Test.LoginTest">
        <test-method is-config="true" signature="setup()[pri:0, instance:Test.LoginTest@771a660]" started-at="2023-07-06T21:58:32 IST" name="setup" finished-at="2023-07-06T21:58:39 IST" duration-ms="6508" status="PASS">
          <reporter-output>
          </reporter-output>
        </test-method> <!-- setup -->
        <test-method signature="testing()[pri:0, instance:Test.LoginTest@771a660]" started-at="2023-07-06T21:58:39 IST" name="testing" finished-at="2023-07-06T22:00:51 IST" duration-ms="132103" status="PASS">
          <reporter-output>
          </reporter-output>
        </test-method> <!-- testing -->
      </class> <!-- Test.LoginTest -->
    </test> <!-- Default test -->
  </suite> <!-- Default suite -->
</testng-results>
